[2025-05-19 12:07:58] require_once(/www/wwwroot/postadorfacebook.painelcontrole.xyz/api/../vendor/autoload.php): failed to open stream: No such file or directory in /www/wwwroot/postadorfacebook.painelcontrole.xyz/api/facebook.php on line 29
[2025-05-19 12:07:58] require_once(/www/wwwroot/postadorfacebook.painelcontrole.xyz/api/../vendor/autoload.php): failed to open stream: No such file or directory in /www/wwwroot/postadorfacebook.painelcontrole.xyz/api/facebook.php on line 29
[2025-05-19 12:08:12] require_once(/www/wwwroot/postadorfacebook.painelcontrole.xyz/api/../vendor/autoload.php): failed to open stream: No such file or directory in /www/wwwroot/postadorfacebook.painelcontrole.xyz/api/facebook.php on line 29
[2025-05-19 12:08:13] require_once(/www/wwwroot/postadorfacebook.painelcontrole.xyz/api/../vendor/autoload.php): failed to open stream: No such file or directory in /www/wwwroot/postadorfacebook.painelcontrole.xyz/api/facebook.php on line 29
[2025-05-19 12:11:37] Call to a member function bind_param() on bool in /www/wwwroot/postadorfacebook.painelcontrole.xyz/index.php on line 35
[2025-05-19 12:17:52] Call to a member function bind_param() on bool in /www/wwwroot/postadorfacebook.painelcontrole.xyz/index.php on line 35
[2025-05-19 12:31:23] Call to a member function bind_param() on bool in /www/wwwroot/postadorfacebook.painelcontrole.xyz/index.php on line 35
[2025-05-19 12:31:30] Call to a member function bind_param() on bool in /www/wwwroot/postadorfacebook.painelcontrole.xyz/index.php on line 35
[2025-05-19 12:35:03] Call to a member function bind_param() on bool in /www/wwwroot/postadorfacebook.painelcontrole.xyz/index.php on line 35
[2025-05-19 12:53:06] require_once(includes/auth.php): failed to open stream: No such file or directory in /www/wwwroot/postadorfacebook.painelcontrole.xyz/dashboard.php on line 4
[2025-05-19 13:03:13] Undefined variable: usuarioId in /www/wwwroot/postadorfacebook.painelcontrole.xyz/admin/usuarios.php on line 316
[2025-05-19 13:03:13] Undefined variable: password in /www/wwwroot/postadorfacebook.painelcontrole.xyz/admin/usuarios.php on line 331
[2025-05-19 13:03:21] Undefined variable: usuarioId in /www/wwwroot/postadorfacebook.painelcontrole.xyz/admin/usuarios.php on line 316
[2025-05-19 13:03:21] Undefined variable: password in /www/wwwroot/postadorfacebook.painelcontrole.xyz/admin/usuarios.php on line 331
[2025-05-19 13:17:31] require_once(/www/wwwroot/postadorfacebook.painelcontrole.xyz/api/../vendor/autoload.php): failed to open stream: No such file or directory in /www/wwwroot/postadorfacebook.painelcontrole.xyz/api/facebook.php on line 29
[2025-05-19 13:17:31] require_once(/www/wwwroot/postadorfacebook.painelcontrole.xyz/api/../vendor/autoload.php): failed to open stream: No such file or directory in /www/wwwroot/postadorfacebook.painelcontrole.xyz/api/facebook.php on line 29
[2025-05-19 13:17:40] require_once(/www/wwwroot/postadorfacebook.painelcontrole.xyz/api/../vendor/autoload.php): failed to open stream: No such file or directory in /www/wwwroot/postadorfacebook.painelcontrole.xyz/api/facebook.php on line 29
[2025-05-19 13:17:41] require_once(/www/wwwroot/postadorfacebook.painelcontrole.xyz/api/../vendor/autoload.php): failed to open stream: No such file or directory in /www/wwwroot/postadorfacebook.painelcontrole.xyz/api/facebook.php on line 29
[2025-05-19 13:43:43] session_start(): A session had already been started - ignoring in /www/wwwroot/postadorfacebook.painelcontrole.xyz/teste_anuncios.php on line 47
[2025-05-19 14:07:31] require_once(/www/wwwroot/postadorfacebook.painelcontrole.xyz/api/../vendor/autoload.php): failed to open stream: No such file or directory in /www/wwwroot/postadorfacebook.painelcontrole.xyz/api/facebook.php on line 29
[2025-05-19 14:07:31] require_once(/www/wwwroot/postadorfacebook.painelcontrole.xyz/api/../vendor/autoload.php): failed to open stream: No such file or directory in /www/wwwroot/postadorfacebook.painelcontrole.xyz/api/facebook.php on line 29
[2025-05-19 14:07:38] require_once(/www/wwwroot/postadorfacebook.painelcontrole.xyz/api/../vendor/autoload.php): failed to open stream: No such file or directory in /www/wwwroot/postadorfacebook.painelcontrole.xyz/api/facebook.php on line 29
[2025-05-19 14:07:39] require_once(/www/wwwroot/postadorfacebook.painelcontrole.xyz/api/../vendor/autoload.php): failed to open stream: No such file or directory in /www/wwwroot/postadorfacebook.painelcontrole.xyz/api/facebook.php on line 29
[2025-05-19 15:09:18] require_once(/www/wwwroot/postadorfacebook.painelcontrole.xyz/api/../vendor/autoload.php): failed to open stream: No such file or directory in /www/wwwroot/postadorfacebook.painelcontrole.xyz/api/facebook.php on line 29
[2025-05-19 15:09:19] require_once(/www/wwwroot/postadorfacebook.painelcontrole.xyz/api/../vendor/autoload.php): failed to open stream: No such file or directory in /www/wwwroot/postadorfacebook.painelcontrole.xyz/api/facebook.php on line 29
[2025-05-19 15:11:24] require_once(/www/wwwroot/postadorfacebook.painelcontrole.xyz/api/../vendor/autoload.php): failed to open stream: No such file or directory in /www/wwwroot/postadorfacebook.painelcontrole.xyz/api/facebook.php on line 29
[2025-05-19 15:11:24] require_once(/www/wwwroot/postadorfacebook.painelcontrole.xyz/api/../vendor/autoload.php): failed to open stream: No such file or directory in /www/wwwroot/postadorfacebook.painelcontrole.xyz/api/facebook.php on line 29
[2025-05-19 16:07:38] require_once(/www/wwwroot/postadorfacebook.painelcontrole.xyz/api/../vendor/autoload.php): failed to open stream: No such file or directory in /www/wwwroot/postadorfacebook.painelcontrole.xyz/api/facebook.php on line 29
[2025-05-19 16:07:38] require_once(/www/wwwroot/postadorfacebook.painelcontrole.xyz/api/../vendor/autoload.php): failed to open stream: No such file or directory in /www/wwwroot/postadorfacebook.painelcontrole.xyz/api/facebook.php on line 29
[2025-05-19 16:08:55] require_once(/www/wwwroot/postadorfacebook.painelcontrole.xyz/api/../vendor/autoload.php): failed to open stream: No such file or directory in /www/wwwroot/postadorfacebook.painelcontrole.xyz/api/facebook.php on line 29
[2025-05-19 16:08:55] require_once(/www/wwwroot/postadorfacebook.painelcontrole.xyz/api/../vendor/autoload.php): failed to open stream: No such file or directory in /www/wwwroot/postadorfacebook.painelcontrole.xyz/api/facebook.php on line 29
[2025-05-19 17:07:14] require_once(/www/wwwroot/postadorfacebook.painelcontrole.xyz/api/../vendor/autoload.php): failed to open stream: No such file or directory in /www/wwwroot/postadorfacebook.painelcontrole.xyz/api/facebook.php on line 29
[2025-05-19 17:07:14] require_once(/www/wwwroot/postadorfacebook.painelcontrole.xyz/api/../vendor/autoload.php): failed to open stream: No such file or directory in /www/wwwroot/postadorfacebook.painelcontrole.xyz/api/facebook.php on line 29
[2025-05-19 17:09:08] require_once(/www/wwwroot/postadorfacebook.painelcontrole.xyz/api/../vendor/autoload.php): failed to open stream: No such file or directory in /www/wwwroot/postadorfacebook.painelcontrole.xyz/api/facebook.php on line 29
[2025-05-19 17:09:09] require_once(/www/wwwroot/postadorfacebook.painelcontrole.xyz/api/../vendor/autoload.php): failed to open stream: No such file or directory in /www/wwwroot/postadorfacebook.painelcontrole.xyz/api/facebook.php on line 29
[2025-05-19 17:10:36] Undefined index: password in /www/wwwroot/postadorfacebook.painelcontrole.xyz/index.php on line 26
[2025-05-19 18:08:11] require_once(/www/wwwroot/postadorfacebook.painelcontrole.xyz/api/../vendor/autoload.php): failed to open stream: No such file or directory in /www/wwwroot/postadorfacebook.painelcontrole.xyz/api/facebook.php on line 29
[2025-05-19 18:08:11] require_once(/www/wwwroot/postadorfacebook.painelcontrole.xyz/api/../vendor/autoload.php): failed to open stream: No such file or directory in /www/wwwroot/postadorfacebook.painelcontrole.xyz/api/facebook.php on line 29
[2025-05-19 18:08:20] require_once(/www/wwwroot/postadorfacebook.painelcontrole.xyz/api/../vendor/autoload.php): failed to open stream: No such file or directory in /www/wwwroot/postadorfacebook.painelcontrole.xyz/api/facebook.php on line 29
[2025-05-19 18:08:25] require_once(/www/wwwroot/postadorfacebook.painelcontrole.xyz/api/../vendor/autoload.php): failed to open stream: No such file or directory in /www/wwwroot/postadorfacebook.painelcontrole.xyz/api/facebook.php on line 29
[2025-05-19 19:06:33] require_once(/www/wwwroot/postadorfacebook.painelcontrole.xyz/api/../vendor/autoload.php): failed to open stream: No such file or directory in /www/wwwroot/postadorfacebook.painelcontrole.xyz/api/facebook.php on line 29
[2025-05-19 19:06:33] require_once(/www/wwwroot/postadorfacebook.painelcontrole.xyz/api/../vendor/autoload.php): failed to open stream: No such file or directory in /www/wwwroot/postadorfacebook.painelcontrole.xyz/api/facebook.php on line 29
[2025-05-19 19:09:24] require_once(/www/wwwroot/postadorfacebook.painelcontrole.xyz/api/../vendor/autoload.php): failed to open stream: No such file or directory in /www/wwwroot/postadorfacebook.painelcontrole.xyz/api/facebook.php on line 29
[2025-05-19 19:09:24] require_once(/www/wwwroot/postadorfacebook.painelcontrole.xyz/api/../vendor/autoload.php): failed to open stream: No such file or directory in /www/wwwroot/postadorfacebook.painelcontrole.xyz/api/facebook.php on line 29
[2025-05-19 19:56:55] require_once(/www/wwwroot/postadorfacebook.painelcontrole.xyz/api/../vendor/autoload.php): failed to open stream: No such file or directory in /www/wwwroot/postadorfacebook.painelcontrole.xyz/api/facebook.php on line 29
[2025-05-19 19:56:55] require_once(/www/wwwroot/postadorfacebook.painelcontrole.xyz/api/../vendor/autoload.php): failed to open stream: No such file or directory in /www/wwwroot/postadorfacebook.painelcontrole.xyz/api/facebook.php on line 29
[2025-05-19 19:57:18] require_once(/www/wwwroot/postadorfacebook.painelcontrole.xyz/api/../vendor/autoload.php): failed to open stream: No such file or directory in /www/wwwroot/postadorfacebook.painelcontrole.xyz/api/facebook.php on line 29
[2025-05-19 19:57:22] require_once(/www/wwwroot/postadorfacebook.painelcontrole.xyz/api/../vendor/autoload.php): failed to open stream: No such file or directory in /www/wwwroot/postadorfacebook.painelcontrole.xyz/api/facebook.php on line 29
[2025-05-19 20:07:42] require_once(/www/wwwroot/postadorfacebook.painelcontrole.xyz/api/../vendor/autoload.php): failed to open stream: No such file or directory in /www/wwwroot/postadorfacebook.painelcontrole.xyz/api/facebook.php on line 29
[2025-05-19 20:07:42] require_once(/www/wwwroot/postadorfacebook.painelcontrole.xyz/api/../vendor/autoload.php): failed to open stream: No such file or directory in /www/wwwroot/postadorfacebook.painelcontrole.xyz/api/facebook.php on line 29
[2025-05-19 20:09:15] require_once(/www/wwwroot/postadorfacebook.painelcontrole.xyz/api/../vendor/autoload.php): failed to open stream: No such file or directory in /www/wwwroot/postadorfacebook.painelcontrole.xyz/api/facebook.php on line 29
[2025-05-19 20:09:16] require_once(/www/wwwroot/postadorfacebook.painelcontrole.xyz/api/../vendor/autoload.php): failed to open stream: No such file or directory in /www/wwwroot/postadorfacebook.painelcontrole.xyz/api/facebook.php on line 29
[2025-05-19 21:08:43] require_once(/www/wwwroot/postadorfacebook.painelcontrole.xyz/api/../vendor/autoload.php): failed to open stream: No such file or directory in /www/wwwroot/postadorfacebook.painelcontrole.xyz/api/facebook.php on line 29
[2025-05-19 21:08:43] require_once(/www/wwwroot/postadorfacebook.painelcontrole.xyz/api/../vendor/autoload.php): failed to open stream: No such file or directory in /www/wwwroot/postadorfacebook.painelcontrole.xyz/api/facebook.php on line 29
[2025-05-19 21:09:05] require_once(/www/wwwroot/postadorfacebook.painelcontrole.xyz/api/../vendor/autoload.php): failed to open stream: No such file or directory in /www/wwwroot/postadorfacebook.painelcontrole.xyz/api/facebook.php on line 29
[2025-05-19 21:09:29] require_once(/www/wwwroot/postadorfacebook.painelcontrole.xyz/api/../vendor/autoload.php): failed to open stream: No such file or directory in /www/wwwroot/postadorfacebook.painelcontrole.xyz/api/facebook.php on line 29
